<?xml version="1.0" encoding="UTF-8"?>
<!-- Generated by org.testng.reporters.JUnitXMLReporter -->
<testsuite ignored="2" hostname="DESKTOP-6QQN8NI" failures="2" tests="2" name="Default test(failed)" time="0.048" errors="0" timestamp="2025-02-08T18:45:35 IST">
  <testcase classname="DayFeb07.Customer_Module2" name="editCustomer" time="0.01">
    <failure type="java.lang.AssertionError" message="null">
      <![CDATA[java.lang.AssertionError: null
at DayFeb07.Customer_Module2.editCustomer(Customer_Module2.java:41)
at java.base/java.util.ArrayList.forEach(ArrayList.java:1597)
... Removed 27 stack frames]]>
    </failure>
  </testcase> <!-- editCustomer -->
  <testcase classname="DayFeb07.Customer_Module2" name="editCustomer" time="0.002">
    <failure type="java.lang.AssertionError" message="null">
      <![CDATA[java.lang.AssertionError: null
at DayFeb07.Customer_Module2.editCustomer(Customer_Module2.java:41)
at java.base/java.util.ArrayList.forEach(ArrayList.java:1597)
... Removed 27 stack frames]]>
    </failure>
  </testcase> <!-- editCustomer -->
  <testcase classname="DayFeb07.Customer_Module2" name="deleteCustomer" time="0.0">
    <ignored/>
  </testcase> <!-- deleteCustomer -->
  <testcase classname="DayFeb07.Customer_Module2" name="registerCustomer" time="0.0">
    <ignored/>
  </testcase> <!-- registerCustomer -->
</testsuite> <!-- Default test(failed) -->
