<?xml version="1.0" encoding="UTF-8"?>
<testng-results ignored="0" total="3" passed="3" failed="0" skipped="0">
  <reporter-output>
    <line>
      <![CDATA[button]]>
    </line>
    <line>
      <![CDATA[logo]]>
    </line>
    <line>
      <![CDATA[demo]]>
    </line>
  </reporter-output>
  <suite started-at="2025-03-18T22:29:22 IST" name="Default suite" finished-at="2025-03-18T22:29:23 IST" duration-ms="38">
    <groups>
    </groups>
    <test started-at="2025-03-18T22:29:22 IST" name="Default test" finished-at="2025-03-18T22:29:23 IST" duration-ms="38">
      <class name="DayFeb05.P1">
        <test-method signature="cutton()[pri:-3, instance:DayFeb05.P1@123ef382]" started-at="2025-03-18T22:29:23 IST" name="cutton" finished-at="2025-03-18T22:29:23 IST" duration-ms="8" status="PASS">
          <reporter-output>
            <line>
              <![CDATA[button]]>
            </line>
          </reporter-output>
        </test-method> <!-- cutton -->
        <test-method signature="bogo()[pri:-2, instance:DayFeb05.P1@123ef382]" started-at="2025-03-18T22:29:23 IST" name="bogo" finished-at="2025-03-18T22:29:23 IST" duration-ms="1" status="PASS">
          <reporter-output>
            <line>
              <![CDATA[logo]]>
            </line>
          </reporter-output>
        </test-method> <!-- bogo -->
        <test-method signature="aemo()[pri:-1, instance:DayFeb05.P1@123ef382]" started-at="2025-03-18T22:29:23 IST" name="aemo" finished-at="2025-03-18T22:29:23 IST" duration-ms="1" status="PASS">
          <reporter-output>
            <line>
              <![CDATA[demo]]>
            </line>
          </reporter-output>
        </test-method> <!-- aemo -->
      </class> <!-- DayFeb05.P1 -->
    </test> <!-- Default test -->
  </suite> <!-- Default suite -->
</testng-results>
