<?xml version="1.0" encoding="UTF-8"?>
<!-- Generated by org.testng.reporters.JUnitXMLReporter -->
<testsuite ignored="4" hostname="DESKTOP-6QQN8NI" failures="0" tests="9" name="Test" time="12.306" errors="0" timestamp="2025-02-27T11:38:00 IST">
  <testcase classname="com.actitime.testscript.Task_Module" name="createTask" time="0.007"/>
  <testcase classname="com.actitime.testscript.Task_Module" name="deleteTask" time="0.001"/>
  <testcase classname="com.actitime.testscript.Task_Module" name="modifyTask" time="0.001"/>
  <testcase classname="com.actitime.testscript.Customer_Module" name="createCustomer" time="0.002"/>
  <testcase classname="com.actitime.testscript.Customer_Module" name="deleteCustomer" time="0.002"/>
  <testcase classname="com.actitime.testscript.Customer_Module" name="modifyCustomer" time="0.001"/>
  <testcase classname="com.actitime.testscript.Project_Module" name="createProject" time="0.001"/>
  <testcase classname="com.actitime.testscript.Project_Module" name="deleteProject" time="0.002"/>
  <testcase classname="com.actitime.testscript.Project_Module" name="modifyProject" time="0.002"/>
  <testcase classname="com.actitime.generic.Base_Class" name="@BeforeTest openBrowser" time="0.0">
    <ignored/>
  </testcase> <!-- @BeforeTest openBrowser -->
  <testcase classname="com.actitime.generic.Base_Class" name="@BeforeTest openBrowser" time="0.0">
    <ignored/>
  </testcase> <!-- @BeforeTest openBrowser -->
  <testcase classname="com.actitime.generic.Base_Class" name="@AfterTest closeBrowser" time="0.0">
    <ignored/>
  </testcase> <!-- @AfterTest closeBrowser -->
  <testcase classname="com.actitime.generic.Base_Class" name="@AfterTest closeBrowser" time="0.0">
    <ignored/>
  </testcase> <!-- @AfterTest closeBrowser -->
</testsuite> <!-- Test -->
